<?xml version="1.0" encoding="UTF-8"?>
<!-- Generated by org.testng.reporters.JUnitXMLReporter -->
<testsuite hostname="BNG112091YX473" ignored="0" name="Surefire test" tests="1" failures="1" timestamp="2022-12-12T09:22:11 IST" time="16.387" errors="0">
  <testcase name="ValidateMovieInfo" time="11.448" classname="com.Assignment.Tests.MovieInfoTest">
    <failure type="java.lang.AssertionError" message="expected [Movie [ReleaseDate=Fri Dec 17 00:00:00 IST 2021, Country=India]] but found [Movie [ReleaseDate=Fri Dec 17 00:00:00 IST 2021, Country=India]]">
      <![CDATA[java.lang.AssertionError: expected [Movie [ReleaseDate=Fri Dec 17 00:00:00 IST 2021, Country=India]] but found [Movie [ReleaseDate=Fri Dec 17 00:00:00 IST 2021, Country=India]]
at com.Assignment.Tests.MovieInfoTest.ValidateMovieInfo(MovieInfoTest.java:51)
at java.util.ArrayList.forEach(ArrayList.java:1259)
... Removed 37 stack frames]]>
    </failure>
  </testcase> <!-- ValidateMovieInfo -->
</testsuite> <!-- Surefire test -->
