-------------------------------------------------------------------------------
Test set: com.Assignment.Tests.MovieInfoTest
-------------------------------------------------------------------------------
Tests run: 1, Failures: 1, Errors: 0, Skipped: 0, Time elapsed: 17.276 s <<< FAILURE! - in com.Assignment.Tests.MovieInfoTest
ValidateMovieInfo(com.Assignment.Tests.MovieInfoTest)  Time elapsed: 11.456 s  <<< FAILURE!
java.lang.AssertionError: expected [Movie [ReleaseDate=Fri Dec 17 00:00:00 IST 2021, Country=India]] but found [Movie [ReleaseDate=Fri Dec 17 00:00:00 IST 2021, Country=India]]
	at com.Assignment.Tests.MovieInfoTest.ValidateMovieInfo(MovieInfoTest.java:51)

