<?xml version="1.0" encoding="UTF-8"?>
<testng-results ignored="0" total="1" passed="1" failed="0" skipped="0">
  <reporter-output>
  </reporter-output>
  <suite started-at="2022-12-12T09:18:29 IST" name="Default suite" finished-at="2022-12-12T09:18:51 IST" duration-ms="21425">
    <groups>
    </groups>
    <test started-at="2022-12-12T09:18:29 IST" name="Default test" finished-at="2022-12-12T09:18:51 IST" duration-ms="21425">
      <class name="com.Assignment.Tests.MovieInfoTest">
        <test-method is-config="true" signature="BeforeTest()[pri:0, instance:com.Assignment.Tests.MovieInfoTest@2ea41516]" started-at="2022-12-12T09:18:29 IST" name="BeforeTest" finished-at="2022-12-12T09:18:32 IST" duration-ms="2406" status="PASS">
          <reporter-output>
          </reporter-output>
        </test-method> <!-- BeforeTest -->
        <test-method signature="ValidateMovieInfo()[pri:1, instance:com.Assignment.Tests.MovieInfoTest@2ea41516]" started-at="2022-12-12T09:18:32 IST" name="ValidateMovieInfo" finished-at="2022-12-12T09:18:50 IST" duration-ms="18544" status="PASS">
          <reporter-output>
          </reporter-output>
        </test-method> <!-- ValidateMovieInfo -->
        <test-method is-config="true" signature="AfterTest()[pri:0, instance:com.Assignment.Tests.MovieInfoTest@2ea41516]" started-at="2022-12-12T09:18:50 IST" name="AfterTest" finished-at="2022-12-12T09:18:51 IST" duration-ms="446" status="PASS">
          <reporter-output>
          </reporter-output>
        </test-method> <!-- AfterTest -->
      </class> <!-- com.Assignment.Tests.MovieInfoTest -->
    </test> <!-- Default test -->
  </suite> <!-- Default suite -->
</testng-results>
